<?xml version="1.0" encoding="UTF-8"?>
<testng-results ignored="0" total="1" passed="1" failed="0" skipped="0">
  <reporter-output>
    <line>
      <![CDATA[xpath is Diplayed]]>
    </line>
  </reporter-output>
  <suite started-at="2024-11-23T10:50:31 IST" name="Surefire suite" finished-at="2024-11-23T10:51:02 IST" duration-ms="31432">
    <groups>
    </groups>
    <test started-at="2024-11-23T10:50:31 IST" name="Surefire test" finished-at="2024-11-23T10:51:02 IST" duration-ms="31432">
      <class name="DriverFactory.AppTest">
        <test-method signature="widgets()[pri:2, instance:DriverFactory.AppTest@7ff95560]" started-at="2024-11-23T10:50:31 IST" name="widgets" finished-at="2024-11-23T10:51:02 IST" duration-ms="31348" status="PASS">
          <reporter-output>
            <line>
              <![CDATA[xpath is Diplayed]]>
            </line>
          </reporter-output>
        </test-method> <!-- widgets -->
      </class> <!-- DriverFactory.AppTest -->
    </test> <!-- Surefire test -->
  </suite> <!-- Surefire suite -->
</testng-results>
