<?xml version="1.0" encoding="UTF-8"?>
<testsuite xmlns:xsi="http://www.w3.org/2001/XMLSchema-instance" xsi:noNamespaceSchemaLocation="https://maven.apache.org/surefire/maven-surefire-plugin/xsd/surefire-test-report-3.0.xsd" version="3.0" name="DriverFactory.AppTest" time="64.631" tests="2" errors="0" skipped="0" failures="0">
  <properties>
[...]
</properties>
  <testcase name="interActions" classname="DriverFactory.AppTest" time="45.222">
    <system-out><![CDATA[Total Number of Rows: 5
Number of Rows is Draggable: 10
Number of Rows is Droppable: 10
Number of Rows is Resizable: 10
Number of Rows is Selectable: 11
Number of Rows is Sortable: 10
]]></system-out>
    <system-err><![CDATA[ERROR StatusLogger Log4j2 could not find a logging implementation. Please add log4j-core to the classpath. Using SimpleLogger to log to the console...
Starting ChromeDriver 131.0.6778.69 (77e2244bbcda3ab9362d5b8aeeb006a86a6d4832-refs/branch-heads/6778@{#2141}) on port 23393
Only local connections are allowed.
Please see https://chromedriver.chromium.org/security-considerations for suggestions on keeping ChromeDriver safe.
ChromeDriver was started successfully on port 23393.
Nov 25, 2024 10:46:05 AM org.openqa.selenium.remote.ProtocolHandshake createSession
INFO: Detected dialect: W3C
Starting ChromeDriver 131.0.6778.69 (77e2244bbcda3ab9362d5b8aeeb006a86a6d4832-refs/branch-heads/6778@{#2141}) on port 32054
Only local connections are allowed.
Please see https://chromedriver.chromium.org/security-considerations for suggestions on keeping ChromeDriver safe.
ChromeDriver was started successfully on port 32054.
Nov 25, 2024 10:46:14 AM org.openqa.selenium.remote.ProtocolHandshake createSession
INFO: Detected dialect: W3C
Starting ChromeDriver 131.0.6778.69 (77e2244bbcda3ab9362d5b8aeeb006a86a6d4832-refs/branch-heads/6778@{#2141}) on port 11403
Only local connections are allowed.
Please see https://chromedriver.chromium.org/security-considerations for suggestions on keeping ChromeDriver safe.
ChromeDriver was started successfully on port 11403.
Nov 25, 2024 10:46:22 AM org.openqa.selenium.remote.ProtocolHandshake createSession
INFO: Detected dialect: W3C
Starting ChromeDriver 131.0.6778.69 (77e2244bbcda3ab9362d5b8aeeb006a86a6d4832-refs/branch-heads/6778@{#2141}) on port 33774
Only local connections are allowed.
Please see https://chromedriver.chromium.org/security-considerations for suggestions on keeping ChromeDriver safe.
ChromeDriver was started successfully on port 33774.
Nov 25, 2024 10:46:30 AM org.openqa.selenium.remote.ProtocolHandshake createSession
INFO: Detected dialect: W3C
Starting ChromeDriver 131.0.6778.69 (77e2244bbcda3ab9362d5b8aeeb006a86a6d4832-refs/branch-heads/6778@{#2141}) on port 17918
Only local connections are allowed.
Please see https://chromedriver.chromium.org/security-considerations for suggestions on keeping ChromeDriver safe.
ChromeDriver was started successfully on port 17918.
Nov 25, 2024 10:46:41 AM org.openqa.selenium.remote.ProtocolHandshake createSession
INFO: Detected dialect: W3C
]]></system-err>
  </testcase>
  <testcase name="widgets" classname="DriverFactory.AppTest" time="18.905">
    <system-out><![CDATA[TS
Number of TestCases: 14
TestCase Name: Accordion
Number of rows: 11
xpath is Diplayed
TestCase Name: Autocomplete
Number of rows: 9
]]></system-out>
    <system-err><![CDATA[Starting ChromeDriver 131.0.6778.69 (77e2244bbcda3ab9362d5b8aeeb006a86a6d4832-refs/branch-heads/6778@{#2141}) on port 24794
Only local connections are allowed.
Please see https://chromedriver.chromium.org/security-considerations for suggestions on keeping ChromeDriver safe.
ChromeDriver was started successfully on port 24794.
Nov 25, 2024 10:46:49 AM org.openqa.selenium.remote.ProtocolHandshake createSession
INFO: Detected dialect: W3C
Starting ChromeDriver 131.0.6778.69 (77e2244bbcda3ab9362d5b8aeeb006a86a6d4832-refs/branch-heads/6778@{#2141}) on port 45380
Only local connections are allowed.
Please see https://chromedriver.chromium.org/security-considerations for suggestions on keeping ChromeDriver safe.
ChromeDriver was started successfully on port 45380.
Nov 25, 2024 10:46:58 AM org.openqa.selenium.remote.ProtocolHandshake createSession
INFO: Detected dialect: W3C
]]></system-err>
  </testcase>
</testsuite>