<?xml version="1.0" encoding="UTF-8"?>
<testng-results ignored="0" total="2" passed="2" failed="0" skipped="0">
  <reporter-output>
    <line>
      <![CDATA[xpath is Diplayed]]>
    </line>
    <line>
      <![CDATA[xpath is not valid]]>
    </line>
  </reporter-output>
  <suite started-at="2024-11-25T10:46:03 IST" name="Surefire suite" finished-at="2024-11-25T10:47:07 IST" duration-ms="64171">
    <groups>
    </groups>
    <test started-at="2024-11-25T10:46:03 IST" name="Surefire test" finished-at="2024-11-25T10:47:07 IST" duration-ms="64171">
      <class name="DriverFactory.AppTest">
        <test-method signature="interActions()[pri:1, instance:DriverFactory.AppTest@7ff95560]" started-at="2024-11-25T10:46:03 IST" name="interActions" finished-at="2024-11-25T10:46:48 IST" duration-ms="45223" status="PASS">
          <reporter-output>
          </reporter-output>
        </test-method> <!-- interActions -->
        <test-method signature="widgets()[pri:2, instance:DriverFactory.AppTest@7ff95560]" started-at="2024-11-25T10:46:48 IST" name="widgets" finished-at="2024-11-25T10:47:07 IST" duration-ms="18906" status="PASS">
          <reporter-output>
            <line>
              <![CDATA[xpath is Diplayed]]>
            </line>
            <line>
              <![CDATA[xpath is not valid]]>
            </line>
          </reporter-output>
        </test-method> <!-- widgets -->
      </class> <!-- DriverFactory.AppTest -->
    </test> <!-- Surefire test -->
  </suite> <!-- Surefire suite -->
</testng-results>
