<?xml version="1.0" encoding="UTF-8"?>
<testng-results ignored="0" total="2" passed="2" failed="0" skipped="0">
  <reporter-output>
    <line>
      <![CDATA[xpath is Diplayed]]>
    </line>
  </reporter-output>
  <suite started-at="2024-11-24T11:28:07 IST" name="JQuery Project" finished-at="2024-11-24T11:29:46 IST" duration-ms="99099">
    <groups>
    </groups>
    <test started-at="2024-11-24T11:28:07 IST" name="TestCases" finished-at="2024-11-24T11:29:46 IST" duration-ms="99099">
      <class name="DriverFactory.AppTest">
        <test-method signature="interActions()[pri:1, instance:DriverFactory.AppTest@2d7275fc]" started-at="2024-11-24T11:28:07 IST" name="interActions" finished-at="2024-11-24T11:29:20 IST" duration-ms="72796" status="PASS">
          <reporter-output>
          </reporter-output>
        </test-method> <!-- interActions -->
        <test-method signature="widgets()[pri:2, instance:DriverFactory.AppTest@2d7275fc]" started-at="2024-11-24T11:29:20 IST" name="widgets" finished-at="2024-11-24T11:29:46 IST" duration-ms="26188" status="PASS">
          <reporter-output>
            <line>
              <![CDATA[xpath is Diplayed]]>
            </line>
          </reporter-output>
        </test-method> <!-- widgets -->
      </class> <!-- DriverFactory.AppTest -->
    </test> <!-- TestCases -->
  </suite> <!-- JQuery Project -->
</testng-results>
