<?xml version="1.0" encoding="UTF-8"?>
<!-- Generated by org.testng.reporters.JUnitXMLReporter -->
<testsuite ignored="0" hostname="INTERIA" failures="1" tests="1" name="TestCases" time="0.082" errors="0" timestamp="2024-11-20T11:22:37 IST">
  <testcase classname="DriverFactory.AppTest" name="interActions" time="0.022">
    <failure type="java.lang.NoClassDefFoundError" message="org/apache/commons/io/output/UnsynchronizedByteArrayOutputStream">
      <![CDATA[java.lang.NoClassDefFoundError: org/apache/commons/io/output/UnsynchronizedByteArrayOutputStream
at org.apache.poi.poifs.filesystem.FileMagic.valueOf(FileMagic.java:209)
at org.apache.poi.ss.usermodel.WorkbookFactory.create(WorkbookFactory.java:222)
at org.apache.poi.ss.usermodel.WorkbookFactory.create(WorkbookFactory.java:185)
at Utility.ExcelFileUtils.<init>(ExcelFileUtils.java:21)
at DriverFactory.DriverScript_InterActions.kickStartInteractions(DriverScript_InterActions.java:10)
at DriverFactory.AppTest.interActions(AppTest.java:10)
at java.base/java.util.ArrayList.forEach(ArrayList.java:1511)
Caused by: java.lang.ClassNotFoundException: org.apache.commons.io.output.UnsynchronizedByteArrayOutputStream
at java.base/jdk.internal.loader.BuiltinClassLoader.loadClass(BuiltinClassLoader.java:641)
at java.base/jdk.internal.loader.ClassLoaders$AppClassLoader.loadClass(ClassLoaders.java:188)
at java.base/java.lang.ClassLoader.loadClass(ClassLoader.java:520)
... 34 more
... Removed 27 stack frames]]>
    </failure>
  </testcase> <!-- interActions -->
</testsuite> <!-- TestCases -->
